[debug] [2022-10-18T15:43:21.819Z] ----------------------------------------------------------------------
[debug] [2022-10-18T15:43:21.821Z] Command:       /usr/local/bin/node /usr/local/bin/firebase deploy
[debug] [2022-10-18T15:43:21.821Z] CLI Version:   10.6.0
[debug] [2022-10-18T15:43:21.821Z] Platform:      darwin
[debug] [2022-10-18T15:43:21.821Z] Node Version:  v14.15.4
[debug] [2022-10-18T15:43:21.822Z] Time:          Tue Oct 18 2022 12:43:21 GMT-0300 (Argentina Standard Time)
[debug] [2022-10-18T15:43:21.823Z] ----------------------------------------------------------------------
[debug] 
[debug] [2022-10-18T15:43:21.883Z] >>> [apiv2][query] GET https://firebase.googleapis.com/v1beta1/projects/undefined [none]
[debug] [2022-10-18T15:43:22.614Z] <<< [apiv2][status] GET https://firebase.googleapis.com/v1beta1/projects/undefined 403
[debug] [2022-10-18T15:43:22.615Z] <<< [apiv2][body] GET https://firebase.googleapis.com/v1beta1/projects/undefined {"error":{"code":403,"message":"The caller does not have permission","status":"PERMISSION_DENIED"}}
[debug] [2022-10-18T15:43:22.615Z] HTTP Error: 403, The caller does not have permission
[debug] [2022-10-18T15:43:22.755Z] FirebaseError: HTTP Error: 403, The caller does not have permission
    at module.exports (/usr/local/lib/node_modules/firebase-tools/lib/responseToError.js:47:12)
    at RetryOperation._fn (/usr/local/lib/node_modules/firebase-tools/lib/apiv2.js:286:39)
    at processTicksAndRejections (internal/process/task_queues.js:93:5)
[error] 
[error] Error: Failed to get Firebase project undefined. Please make sure the project exists and your account has permission to access it.
[debug] [2022-10-18T15:48:27.328Z] ----------------------------------------------------------------------
[debug] [2022-10-18T15:48:27.330Z] Command:       /usr/local/bin/node /usr/local/bin/firebase deploy
[debug] [2022-10-18T15:48:27.330Z] CLI Version:   10.6.0
[debug] [2022-10-18T15:48:27.330Z] Platform:      darwin
[debug] [2022-10-18T15:48:27.330Z] Node Version:  v14.15.4
[debug] [2022-10-18T15:48:27.332Z] Time:          Tue Oct 18 2022 12:48:27 GMT-0300 (Argentina Standard Time)
[debug] [2022-10-18T15:48:27.333Z] ----------------------------------------------------------------------
[debug] 
[debug] [2022-10-18T15:48:27.394Z] >>> [apiv2][query] GET https://firebase.googleapis.com/v1beta1/projects/undefined [none]
[debug] [2022-10-18T15:48:28.152Z] <<< [apiv2][status] GET https://firebase.googleapis.com/v1beta1/projects/undefined 403
[debug] [2022-10-18T15:48:28.152Z] <<< [apiv2][body] GET https://firebase.googleapis.com/v1beta1/projects/undefined {"error":{"code":403,"message":"The caller does not have permission","status":"PERMISSION_DENIED"}}
[debug] [2022-10-18T15:48:28.153Z] HTTP Error: 403, The caller does not have permission
[debug] [2022-10-18T15:48:28.299Z] FirebaseError: HTTP Error: 403, The caller does not have permission
    at module.exports (/usr/local/lib/node_modules/firebase-tools/lib/responseToError.js:47:12)
    at RetryOperation._fn (/usr/local/lib/node_modules/firebase-tools/lib/apiv2.js:286:39)
    at processTicksAndRejections (internal/process/task_queues.js:93:5)
[error] 
[error] Error: Failed to get Firebase project undefined. Please make sure the project exists and your account has permission to access it.
[debug] [2022-10-18T15:52:09.268Z] ----------------------------------------------------------------------
[debug] [2022-10-18T15:52:09.269Z] Command:       /usr/local/bin/node /usr/local/bin/firebase deploy
[debug] [2022-10-18T15:52:09.270Z] CLI Version:   10.6.0
[debug] [2022-10-18T15:52:09.270Z] Platform:      darwin
[debug] [2022-10-18T15:52:09.270Z] Node Version:  v14.15.4
[debug] [2022-10-18T15:52:09.271Z] Time:          Tue Oct 18 2022 12:52:09 GMT-0300 (Argentina Standard Time)
[debug] [2022-10-18T15:52:09.271Z] ----------------------------------------------------------------------
[debug] 
[debug] [2022-10-18T15:52:09.333Z] >>> [apiv2][query] GET https://firebase.googleapis.com/v1beta1/projects/undefined [none]
[debug] [2022-10-18T15:52:10.425Z] <<< [apiv2][status] GET https://firebase.googleapis.com/v1beta1/projects/undefined 403
[debug] [2022-10-18T15:52:10.426Z] <<< [apiv2][body] GET https://firebase.googleapis.com/v1beta1/projects/undefined {"error":{"code":403,"message":"The caller does not have permission","status":"PERMISSION_DENIED"}}
[debug] [2022-10-18T15:52:10.426Z] HTTP Error: 403, The caller does not have permission
[debug] [2022-10-18T15:52:10.589Z] FirebaseError: HTTP Error: 403, The caller does not have permission
    at module.exports (/usr/local/lib/node_modules/firebase-tools/lib/responseToError.js:47:12)
    at RetryOperation._fn (/usr/local/lib/node_modules/firebase-tools/lib/apiv2.js:286:39)
    at processTicksAndRejections (internal/process/task_queues.js:93:5)
[error] 
[error] Error: Failed to get Firebase project undefined. Please make sure the project exists and your account has permission to access it.
